<?xml version="1.0" encoding="UTF-8"?>
<!-- Generated by org.testng.reporters.JUnitReportReporter -->
<testsuite hostname="DESKTOP-15AQBUE" failures="0" tests="6" name="api.test.DDTests" time="49.110" errors="0" timestamp="2023-04-08T22:44:41 IST" skipped="0">
  <testcase classname="api.test.DDTests" name="testPostUser" time="1.324"/>
  <system-out/>
  <testcase classname="api.test.DDTests" name="testPostUser" time="1.383"/>
  <system-out/>
  <testcase classname="api.test.DDTests" name="testPostUser" time="42.214"/>
  <system-out/>
  <testcase classname="api.test.DDTests" name="testDeleteUserByName" time="1.367"/>
  <system-out/>
  <testcase classname="api.test.DDTests" name="testDeleteUserByName" time="1.350"/>
  <system-out/>
  <testcase classname="api.test.DDTests" name="testDeleteUserByName" time="1.472"/>
  <system-out/>
</testsuite> <!-- api.test.DDTests -->
