<?xml version="1.0" encoding="UTF-8"?>
<!-- Generated by org.testng.reporters.JUnitReportReporter -->
<testsuite hostname="DESKTOP-15AQBUE" failures="0" tests="4" name="api.test.UserTest" time="10.688" errors="0" timestamp="2023-04-08T23:31:36 IST" skipped="0">
  <testcase classname="api.test.UserTest" name="testPostUser" time="5.229"/>
  <system-out/>
  <testcase classname="api.test.UserTest" name="testGetUserByName" time="1.416"/>
  <system-out/>
  <testcase classname="api.test.UserTest" name="testUpdateUserByName" time="2.730"/>
  <system-out/>
  <testcase classname="api.test.UserTest" name="deleteUserByName" time="1.313"/>
  <system-out/>
</testsuite> <!-- api.test.UserTest -->
