<?xml version="1.0" encoding="UTF-8"?>
<!-- Generated by org.testng.reporters.JUnitReportReporter -->
<testsuite hostname="DESKTOP-15AQBUE" failures="0" tests="4" name="api.test.UserTest" time="13.651" errors="0" timestamp="2023-04-10T14:33:14 IST" skipped="0">
  <testcase classname="api.test.UserTest" name="testPostUser" time="8.158"/>
  <system-out/>
  <testcase classname="api.test.UserTest" name="testGetUserByName" time="1.416"/>
  <system-out/>
  <testcase classname="api.test.UserTest" name="testUpdateUserByName" time="2.724"/>
  <system-out/>
  <testcase classname="api.test.UserTest" name="deleteUserByName" time="1.353"/>
  <system-out/>
</testsuite> <!-- api.test.UserTest -->
